  main.c
C:\Users\pos15\source\repos\100_coin_hero\100_coin_hero\name.h(16,10): error C4996: 'fopen': This function or variable may be unsafe. Consider using fopen_s instead. To disable deprecation, use _CRT_SECURE_NO_WARNINGS. See online help for details.
C:\Users\pos15\source\repos\100_coin_hero\100_coin_hero\name.h(19,2): error C4996: 'scanf': This function or variable may be unsafe. Consider using scanf_s instead. To disable deprecation, use _CRT_SECURE_NO_WARNINGS. See online help for details.
C:\Users\pos15\source\repos\100_coin_hero\100_coin_hero\monster_list.h(38,3): error C4996: 'fscanf': This function or variable may be unsafe. Consider using fscanf_s instead. To disable deprecation, use _CRT_SECURE_NO_WARNINGS. See online help for details.
C:\Users\pos15\source\repos\100_coin_hero\100_coin_hero\monster_list.h(58,2): error C4996: 'scanf': This function or variable may be unsafe. Consider using scanf_s instead. To disable deprecation, use _CRT_SECURE_NO_WARNINGS. See online help for details.
C:\Users\pos15\source\repos\100_coin_hero\100_coin_hero\choose_status.h(16,3): error C4996: 'fscanf': This function or variable may be unsafe. Consider using fscanf_s instead. To disable deprecation, use _CRT_SECURE_NO_WARNINGS. See online help for details.
C:\Users\pos15\source\repos\100_coin_hero\100_coin_hero\choose_status.h(34,2): error C4996: 'scanf': This function or variable may be unsafe. Consider using scanf_s instead. To disable deprecation, use _CRT_SECURE_NO_WARNINGS. See online help for details.
C:\Users\pos15\source\repos\100_coin_hero\100_coin_hero\choose_status.h(37,14): error C4996: 'fopen': This function or variable may be unsafe. Consider using fopen_s instead. To disable deprecation, use _CRT_SECURE_NO_WARNINGS. See online help for details.
C:\Users\pos15\source\repos\100_coin_hero\100_coin_hero\choose_status.h(51,14): error C4996: 'fopen': This function or variable may be unsafe. Consider using fopen_s instead. To disable deprecation, use _CRT_SECURE_NO_WARNINGS. See online help for details.
C:\Users\pos15\source\repos\100_coin_hero\100_coin_hero\choose_status.h(64,14): error C4996: 'fopen': This function or variable may be unsafe. Consider using fopen_s instead. To disable deprecation, use _CRT_SECURE_NO_WARNINGS. See online help for details.
C:\Users\pos15\source\repos\100_coin_hero\100_coin_hero\print_status.h(20,11): warning C4098: 'print_status': 'void' 함수에서 값을 반환하고 있습니다.
C:\Users\pos15\source\repos\100_coin_hero\100_coin_hero\print_status.h(25,3): error C4996: 'fscanf': This function or variable may be unsafe. Consider using fscanf_s instead. To disable deprecation, use _CRT_SECURE_NO_WARNINGS. See online help for details.
C:\Users\pos15\source\repos\100_coin_hero\100_coin_hero\monster_status.h(17,17): warning C4098: 'monster_status': 'void' 함수에서 값을 반환하고 있습니다.
C:\Users\pos15\source\repos\100_coin_hero\100_coin_hero\monster_status.h(34,17): warning C4098: 'monster_status': 'void' 함수에서 값을 반환하고 있습니다.
C:\Users\pos15\source\repos\100_coin_hero\100_coin_hero\monster_status.h(51,17): warning C4098: 'monster_status': 'void' 함수에서 값을 반환하고 있습니다.
C:\Users\pos15\source\repos\100_coin_hero\100_coin_hero\monster_status.h(21,9): error C4996: 'fscanf': This function or variable may be unsafe. Consider using fscanf_s instead. To disable deprecation, use _CRT_SECURE_NO_WARNINGS. See online help for details.
C:\Users\pos15\source\repos\100_coin_hero\100_coin_hero\monster_status.h(38,9): error C4996: 'fscanf': This function or variable may be unsafe. Consider using fscanf_s instead. To disable deprecation, use _CRT_SECURE_NO_WARNINGS. See online help for details.
C:\Users\pos15\source\repos\100_coin_hero\100_coin_hero\monster_status.h(55,9): error C4996: 'fscanf': This function or variable may be unsafe. Consider using fscanf_s instead. To disable deprecation, use _CRT_SECURE_NO_WARNINGS. See online help for details.
C:\Users\pos15\source\repos\100_coin_hero\100_coin_hero\monster_status.h(7,9): warning C4101: 'num' :참조되지 않은 지역 변수입니다.
C:\Users\pos15\source\repos\100_coin_hero\100_coin_hero\RandomMonster.h(16,21): warning C4244: '함수': 'time_t'에서 'unsigned int'(으)로 변환하면서 데이터가 손실될 수 있습니다.
C:\Users\pos15\source\repos\100_coin_hero\100_coin_hero\RandomMonster.h(39,17): error C4996: 'fscanf': This function or variable may be unsafe. Consider using fscanf_s instead. To disable deprecation, use _CRT_SECURE_NO_WARNINGS. See online help for details.
C:\Users\pos15\source\repos\100_coin_hero\100_coin_hero\RandomMonster.h(53,17): error C4996: 'fscanf': This function or variable may be unsafe. Consider using fscanf_s instead. To disable deprecation, use _CRT_SECURE_NO_WARNINGS. See online help for details.
C:\Users\pos15\source\repos\100_coin_hero\100_coin_hero\RandomMonster.h(67,17): error C4996: 'fscanf': This function or variable may be unsafe. Consider using fscanf_s instead. To disable deprecation, use _CRT_SECURE_NO_WARNINGS. See online help for details.
C:\Users\pos15\source\repos\100_coin_hero\100_coin_hero\RandomMonster2.h(24,21): warning C4244: '함수': 'time_t'에서 'unsigned int'(으)로 변환하면서 데이터가 손실될 수 있습니다.
C:\Users\pos15\source\repos\100_coin_hero\100_coin_hero\RandomMonster2.h(43,21): error C4996: 'fscanf': This function or variable may be unsafe. Consider using fscanf_s instead. To disable deprecation, use _CRT_SECURE_NO_WARNINGS. See online help for details.
C:\Users\pos15\source\repos\100_coin_hero\100_coin_hero\Bossmonster.h(17,21): warning C4244: '함수': 'time_t'에서 'unsigned int'(으)로 변환하면서 데이터가 손실될 수 있습니다.
C:\Users\pos15\source\repos\100_coin_hero\100_coin_hero\Bossmonster.h(36,21): error C4996: 'fscanf': This function or variable may be unsafe. Consider using fscanf_s instead. To disable deprecation, use _CRT_SECURE_NO_WARNINGS. See online help for details.
C:\Users\pos15\source\repos\100_coin_hero\100_coin_hero\fight.h(43,25): warning C4098: 'fight': 'void' 함수에서 값을 반환하고 있습니다.
C:\Users\pos15\source\repos\100_coin_hero\100_coin_hero\fight.h(63,25): warning C4098: 'fight': 'void' 함수에서 값을 반환하고 있습니다.
C:\Users\pos15\source\repos\100_coin_hero\100_coin_hero\fight.h(84,25): warning C4098: 'fight': 'void' 함수에서 값을 반환하고 있습니다.
C:\Users\pos15\source\repos\100_coin_hero\100_coin_hero\fight.h(370,22): warning C4098: 'fight': 'void' 함수에서 값을 반환하고 있습니다.
C:\Users\pos15\source\repos\100_coin_hero\100_coin_hero\fight.h(48,21): error C4996: 'fscanf': This function or variable may be unsafe. Consider using fscanf_s instead. To disable deprecation, use _CRT_SECURE_NO_WARNINGS. See online help for details.
C:\Users\pos15\source\repos\100_coin_hero\100_coin_hero\fight.h(69,21): error C4996: 'fscanf': This function or variable may be unsafe. Consider using fscanf_s instead. To disable deprecation, use _CRT_SECURE_NO_WARNINGS. See online help for details.
C:\Users\pos15\source\repos\100_coin_hero\100_coin_hero\fight.h(90,21): error C4996: 'fscanf': This function or variable may be unsafe. Consider using fscanf_s instead. To disable deprecation, use _CRT_SECURE_NO_WARNINGS. See online help for details.
C:\Users\pos15\source\repos\100_coin_hero\100_coin_hero\fight.h(105,9): error C4996: 'fscanf': This function or variable may be unsafe. Consider using fscanf_s instead. To disable deprecation, use _CRT_SECURE_NO_WARNINGS. See online help for details.
C:\Users\pos15\source\repos\100_coin_hero\100_coin_hero\fight.h(149,10): error C4996: 'scanf': This function or variable may be unsafe. Consider using scanf_s instead. To disable deprecation, use _CRT_SECURE_NO_WARNINGS. See online help for details.
C:\Users\pos15\source\repos\100_coin_hero\100_coin_hero\fight.h(160,10): error C4996: 'scanf': This function or variable may be unsafe. Consider using scanf_s instead. To disable deprecation, use _CRT_SECURE_NO_WARNINGS. See online help for details.
C:\Users\pos15\source\repos\100_coin_hero\100_coin_hero\fight.h(267,13): error C4996: 'scanf': This function or variable may be unsafe. Consider using scanf_s instead. To disable deprecation, use _CRT_SECURE_NO_WARNINGS. See online help for details.
C:\Users\pos15\source\repos\100_coin_hero\100_coin_hero\fight2.h(53,25): error C4996: 'fscanf': This function or variable may be unsafe. Consider using fscanf_s instead. To disable deprecation, use _CRT_SECURE_NO_WARNINGS. See online help for details.
C:\Users\pos15\source\repos\100_coin_hero\100_coin_hero\fight2.h(99,13): error C4996: 'fscanf': This function or variable may be unsafe. Consider using fscanf_s instead. To disable deprecation, use _CRT_SECURE_NO_WARNINGS. See online help for details.
C:\Users\pos15\source\repos\100_coin_hero\100_coin_hero\fight2.h(143,13): error C4996: 'scanf': This function or variable may be unsafe. Consider using scanf_s instead. To disable deprecation, use _CRT_SECURE_NO_WARNINGS. See online help for details.
C:\Users\pos15\source\repos\100_coin_hero\100_coin_hero\fight2.h(154,13): error C4996: 'scanf': This function or variable may be unsafe. Consider using scanf_s instead. To disable deprecation, use _CRT_SECURE_NO_WARNINGS. See online help for details.
C:\Users\pos15\source\repos\100_coin_hero\100_coin_hero\fight2.h(261,17): error C4996: 'scanf': This function or variable may be unsafe. Consider using scanf_s instead. To disable deprecation, use _CRT_SECURE_NO_WARNINGS. See online help for details.
C:\Users\pos15\source\repos\100_coin_hero\100_coin_hero\store.h(20,11): warning C4098: 'store': 'void' 함수에서 값을 반환하고 있습니다.
C:\Users\pos15\source\repos\100_coin_hero\100_coin_hero\store.h(24,3): error C4996: 'fscanf': This function or variable may be unsafe. Consider using fscanf_s instead. To disable deprecation, use _CRT_SECURE_NO_WARNINGS. See online help for details.
C:\Users\pos15\source\repos\100_coin_hero\100_coin_hero\store.h(48,2): error C4996: 'scanf': This function or variable may be unsafe. Consider using scanf_s instead. To disable deprecation, use _CRT_SECURE_NO_WARNINGS. See online help for details.
C:\Users\pos15\source\repos\100_coin_hero\100_coin_hero\store.h(68,4): error C4996: 'scanf': This function or variable may be unsafe. Consider using scanf_s instead. To disable deprecation, use _CRT_SECURE_NO_WARNINGS. See online help for details.
C:\Users\pos15\source\repos\100_coin_hero\100_coin_hero\store.h(73,4): error C4996: 'scanf': This function or variable may be unsafe. Consider using scanf_s instead. To disable deprecation, use _CRT_SECURE_NO_WARNINGS. See online help for details.
C:\Users\pos15\source\repos\100_coin_hero\100_coin_hero\store.h(89,4): error C4996: 'scanf': This function or variable may be unsafe. Consider using scanf_s instead. To disable deprecation, use _CRT_SECURE_NO_WARNINGS. See online help for details.
C:\Users\pos15\source\repos\100_coin_hero\100_coin_hero\store.h(105,4): error C4996: 'scanf': This function or variable may be unsafe. Consider using scanf_s instead. To disable deprecation, use _CRT_SECURE_NO_WARNINGS. See online help for details.
C:\Users\pos15\source\repos\100_coin_hero\100_coin_hero\ranking.h(28,12): warning C4477: 'fscanf' : 서식 문자열 '%d'에 'int *' 형식의 인수가 필요하지만 variadic 인수 1의 형식이 'int'입니다.
C:\Users\pos15\source\repos\100_coin_hero\100_coin_hero\ranking.h(19,7): error C4996: 'fopen': This function or variable may be unsafe. Consider using fopen_s instead. To disable deprecation, use _CRT_SECURE_NO_WARNINGS. See online help for details.
C:\Users\pos15\source\repos\100_coin_hero\100_coin_hero\ranking.h(27,12): error C4996: 'fopen': This function or variable may be unsafe. Consider using fopen_s instead. To disable deprecation, use _CRT_SECURE_NO_WARNINGS. See online help for details.
C:\Users\pos15\source\repos\100_coin_hero\100_coin_hero\ranking.h(28,2): error C4996: 'fscanf': This function or variable may be unsafe. Consider using fscanf_s instead. To disable deprecation, use _CRT_SECURE_NO_WARNINGS. See online help for details.
C:\Users\pos15\source\repos\100_coin_hero\100_coin_hero\ranking.h(33,13): warning C4101: 'j' :참조되지 않은 지역 변수입니다.
C:\Users\pos15\source\repos\100_coin_hero\100_coin_hero\ranking.h(33,20): warning C4101: 'rank' :참조되지 않은 지역 변수입니다.
C:\Users\pos15\source\repos\100_coin_hero\100_coin_hero\main.c(37,18): warning C4244: '함수': 'time_t'에서 'unsigned int'(으)로 변환하면서 데이터가 손실될 수 있습니다.
C:\Users\pos15\source\repos\100_coin_hero\100_coin_hero\main.c(89,3): error C4996: 'fscanf': This function or variable may be unsafe. Consider using fscanf_s instead. To disable deprecation, use _CRT_SECURE_NO_WARNINGS. See online help for details.
C:\Users\pos15\source\repos\100_coin_hero\100_coin_hero\main.c(272,11): warning C4098: 'startscreen': 'void' 함수에서 값을 반환하고 있습니다.
C:\Users\pos15\source\repos\100_coin_hero\100_coin_hero\main.c(254,2): error C4996: 'scanf': This function or variable may be unsafe. Consider using scanf_s instead. To disable deprecation, use _CRT_SECURE_NO_WARNINGS. See online help for details.
C:\Users\pos15\source\repos\100_coin_hero\100_coin_hero\main.c(285,18): warning C4244: '함수': 'time_t'에서 'unsigned int'(으)로 변환하면서 데이터가 손실될 수 있습니다.
C:\Users\pos15\source\repos\100_coin_hero\100_coin_hero\main.c(291,3): error C4996: 'fscanf': This function or variable may be unsafe. Consider using fscanf_s instead. To disable deprecation, use _CRT_SECURE_NO_WARNINGS. See online help for details.
C:\Users\pos15\source\repos\100_coin_hero\100_coin_hero\main.c(342,5): error C4996: 'scanf': This function or variable may be unsafe. Consider using scanf_s instead. To disable deprecation, use _CRT_SECURE_NO_WARNINGS. See online help for details.
C:\Users\pos15\source\repos\100_coin_hero\100_coin_hero\main.c(348,5): error C4996: 'scanf': This function or variable may be unsafe. Consider using scanf_s instead. To disable deprecation, use _CRT_SECURE_NO_WARNINGS. See online help for details.
C:\Users\pos15\source\repos\100_coin_hero\100_coin_hero\main.c(359,5): error C4996: 'scanf': This function or variable may be unsafe. Consider using scanf_s instead. To disable deprecation, use _CRT_SECURE_NO_WARNINGS. See online help for details.
C:\Users\pos15\source\repos\100_coin_hero\100_coin_hero\main.c(368,5): error C4996: 'scanf': This function or variable may be unsafe. Consider using scanf_s instead. To disable deprecation, use _CRT_SECURE_NO_WARNINGS. See online help for details.
C:\Users\pos15\source\repos\100_coin_hero\100_coin_hero\main.c(376,5): error C4996: 'scanf': This function or variable may be unsafe. Consider using scanf_s instead. To disable deprecation, use _CRT_SECURE_NO_WARNINGS. See online help for details.
C:\Users\pos15\source\repos\100_coin_hero\100_coin_hero\main.c(384,5): error C4996: 'scanf': This function or variable may be unsafe. Consider using scanf_s instead. To disable deprecation, use _CRT_SECURE_NO_WARNINGS. See online help for details.
C:\Users\pos15\source\repos\100_coin_hero\100_coin_hero\main.c(420,4): error C4996: 'fscanf': This function or variable may be unsafe. Consider using fscanf_s instead. To disable deprecation, use _CRT_SECURE_NO_WARNINGS. See online help for details.
